<?xml version="1.0" encoding="UTF-8"?>
<robot generator="Robot 7.3.2 (Python 3.10.19 on linux)" generated="2025-11-03T01:19:21.042094" rpa="false" schemaversion="5">
<suite id="s1" name="Tests" source="/home/runner/work/native-app/native-app/tests">
<suite id="s1-s1" name="Login" source="/home/runner/work/native-app/native-app/tests/Login.robot">
<test id="s1-s1-t1" name="Deve realizar o cadastro com sucesso" line="12">
<kw name="Start session" owner="base" type="SETUP">
<kw name="Log" owner="BuiltIn">
<msg time="2025-11-03T01:19:21.324209" level="INFO">🚀 Iniciando sessão Appium...</msg>
<arg>🚀 Iniciando sessão Appium...</arg>
<doc>Logs the given message with the given level.</doc>
<status status="PASS" start="2025-11-03T01:19:21.324081" elapsed="0.000218"/>
</kw>
<kw name="Open Application" owner="AppiumLibrary">
<kw name="Capture Page Screenshot" owner="AppiumLibrary">
<msg time="2025-11-03T01:19:48.904704" level="FAIL">No application is open</msg>
<doc>Takes a screenshot of the current page and embeds it into the log.</doc>
<status status="FAIL" start="2025-11-03T01:19:48.904257" elapsed="0.001898">No application is open</status>
</kw>
<msg time="2025-11-03T01:19:48.908452" level="WARN">Keyword 'Capture Page Screenshot' could not be run on failure: No application is open</msg>
<msg time="2025-11-03T01:19:48.908801" level="FAIL">SessionNotCreatedException: Message: A new session could not be created. Details: io.appium.uiautomator2.common.exceptions.InvalidArgumentException: Invalid 'waitForIdleTimeout' setting value type. Got: java.lang.String. Expected: java.lang.Long.; For documentation on this error, please visit: https://www.selenium.dev/documentation/webdriver/troubleshooting/errors#sessionnotcreatedexception
Stacktrace:
io.appium.uiautomator2.common.exceptions.SessionNotCreatedException: io.appium.uiautomator2.common.exceptions.InvalidArgumentException: Invalid 'waitForIdleTimeout' setting value type. Got: java.lang.String. Expected: java.lang.Long.
	at io.appium.uiautomator2.handler.NewSession.safeHandle(NewSession.java:60)
	at io.appium.uiautomator2.handler.request.SafeRequestHandler.handle(SafeRequestHandler.java:59)
	at io.appium.uiautomator2.server.AppiumServlet.handleRequest(AppiumServlet.java:259)
	at io.appium.uiautomator2.server.AppiumServlet.handleHttpRequest(AppiumServlet.java:253)
	at io.appium.uiautomator2.http.ServerHandler.channelRead(ServerHandler.java:77)
	at io.netty.channel.AbstractChannelHandlerContext.invokeChannelRead(AbstractChannelHandlerContext.java:366)
	at io.netty.channel.AbstractChannelHandlerContext.invokeChannelRead(AbstractChannelHandlerContext.java:352)
	at io.netty.channel.AbstractChannelHandlerContext.fireChannelRead(AbstractChannelHandlerContext.java:345)
	at io.netty.handler.codec.MessageToMessageDecoder.channelRead(MessageToMessageDecoder.java:102)
	at io.netty.channel.AbstractChannelHandlerContext.invokeChannelRead(AbstractChannelHandlerContext.java:366)
	at io.netty.channel.AbstractChannelHandlerContext.invokeChannelRead(AbstractChannelHandlerContext.java:352)
	at io.netty.channel.AbstractChannelHandlerContext.fireChannelRead(AbstractChannelHandlerContext.java:345)
	at io.netty.channel.CombinedChannelDuplexHandler$DelegatingChannelHandlerContext.fireChannelRead(CombinedChannelDuplexHandler.java:435)
	at io.netty.handler.codec.ByteToMessageDecoder.fireChannelRead(ByteToMessageDecoder.java:293)
	at io.netty.handler.codec.ByteToMessageDecoder.channelRead(ByteToMessageDecoder.java:267)
	at io.netty.channel.CombinedChannelDuplexHandler.channelRead(CombinedChannelDuplexHandler.java:250)
	at io.netty.channel.AbstractChannelHandlerContext.invokeChannelRead(AbstractChannelHandlerContext.java:366)
	at io.netty.channel.AbstractChannelHandlerContext.invokeChannelRead(AbstractChannelHandlerContext.java:352)
	at io.netty.channel.AbstractChannelHandlerContext.fireChannelRead(AbstractChannelHandlerContext.java:345)
	at io.netty.handler.timeout.IdleStateHandler.channelRead(IdleStateHandler.java:266)
	at io.netty.channel.AbstractChannelHandlerContext.invokeChannelRead(AbstractChannelHandlerContext.java:366)
	at io.netty.channel.AbstractChannelHandlerContext.invokeChannelRead(AbstractChannelHandlerContext.java:352)
	at io.netty.channel.AbstractChannelHandlerContext.fireChannelRead(AbstractChannelHandlerContext.java:345)
	at io.netty.channel.DefaultChannelPipeline$HeadContext.channelRead(DefaultChannelPipeline.java:1294)
	at io.netty.channel.AbstractChannelHandlerContext.invokeChannelRead(AbstractChannelHandlerContext.java:366)
	at io.netty.channel.AbstractChannelHandlerContext.invokeChannelRead(AbstractChannelHandlerContext.java:352)
	at io.netty.channel.DefaultChannelPipeline.fireChannelRead(DefaultChannelPipeline.java:911)
	at io.netty.channel.nio.AbstractNioByteChannel$NioByteUnsafe.read(AbstractNioByteChannel.java:131)
	at io.netty.channel.nio.NioEventLoop.processSelectedKey(NioEventLoop.java:611)
	at io.netty.channel.nio.NioEventLoop.processSelectedKeysOptimized(NioEventLoop.java:552)
	at io.netty.channel.nio.NioEventLoop.processSelectedKeys(NioEventLoop.java:466)
	at io.netty.channel.nio.NioEventLoop.run(NioEventLoop.java:438)
	at io.netty.util.concurrent.SingleThreadEventExecutor$2.run(SingleThreadEventExecutor.java:140)
	at io.netty.util.concurrent.DefaultThreadFactory$DefaultRunnableDecorator.run(DefaultThreadFactory.java:144)
	at java.lang.Thread.run(Thread.java:919)
Caused by: io.appium.uiautomator2.common.exceptions.InvalidArgumentException: Invalid 'waitForIdleTimeout' setting value type. Got: java.lang.String. Expected: java.lang.Long.
	at io.appium.uiautomator2.model.settings.AbstractSetting.convertValue(AbstractSetting.java:82)
	at io.appium.uiautomator2.model.settings.AbstractSetting.update(AbstractSetting.java:36)
	at io.appium.uiautomator2.model.Session.&lt;init&gt;(Session.java:47)
	at io.appium.uiautomator2.model.AppiumUIA2Driver.initializeSession(AppiumUIA2Driver.java:42)
	at io.appium.uiautomator2.handler.NewSession.safeHandle(NewSession.java:53)
	... 34 more
</msg>
<arg>http://localhost:4723</arg>
<arg>platformName=Android</arg>
<arg>automationName=UIAutomator2</arg>
<arg>deviceName=Android Emulator</arg>
<arg>app=${EXECDIR}/app/wdio.native.app.apk</arg>
<arg>udid=emulator-5554</arg>
<arg>autoGrantPermissions=true</arg>
<arg>appium:disableHiddenApiPolicy=false</arg>
<arg>appium:ignoreHiddenApiPolicyError=true</arg>
<arg>appium:skipDeviceInitialization=true</arg>
<arg>appPackage=com.wdiodemoapp</arg>
<arg>appActivity=.MainActivity</arg>
<arg>newCommandTimeout=600</arg>
<arg>adbExecTimeout=200000</arg>
<arg>uiautomator2ServerInstallTimeout=180000</arg>
<arg>uiautomator2ServerLaunchTimeout=180000</arg>
<arg>noReset=true</arg>
<arg>appium:skipServerInstallation=false</arg>
<arg>appium:uiautomator2ServerReadTimeout=240000</arg>
<arg>appium:waitForIdleTimeout=10000</arg>
<arg>appium:waitForQuiescence=true</arg>
<arg>appium:waitActivity=.MainActivity</arg>
<arg>appium:waitDuration=30000</arg>
<arg>appium:androidInstallTimeout=180000</arg>
<arg>appium:systemPort=8200</arg>
<arg>appium:clearSystemFiles=true</arg>
<arg>appium:ensureWebviewsHavePages=false</arg>
<arg>appium:nativeWebScreenshot=true</arg>
<arg>appium:reconnectRetries=3</arg>
<arg>appium:maxTypingFrequency=60</arg>
<doc>Opens a new application to the given Appium server.
Capabilities of appium server, Android and iOS,
Please check https://appium.io/docs/en/2.19/guides/caps/
| *Option*            | *Man.* | *Description*     |
| remote_url          | Yes    | Appium server url |
| alias               | No     | alias             |</doc>
<status status="FAIL" start="2025-11-03T01:19:21.324430" elapsed="27.584660">SessionNotCreatedException: Message: A new session could not be created. Details: io.appium.uiautomator2.common.exceptions.InvalidArgumentException: Invalid 'waitForIdleTimeout' setting value type. Got: java.lang.String. Expected: java.lang.Long.; For documentation on this error, please visit: https://www.selenium.dev/documentation/webdriver/troubleshooting/errors#sessionnotcreatedexception
Stacktrace:
io.appium.uiautomator2.common.exceptions.SessionNotCreatedException: io.appium.uiautomator2.common.exceptions.InvalidArgumentException: Invalid 'waitForIdleTimeout' setting value type. Got: java.lang.String. Expected: java.lang.Long.
	at io.appium.uiautomator2.handler.NewSession.safeHandle(NewSession.java:60)
	at io.appium.uiautomator2.handler.request.SafeRequestHandler.handle(SafeRequestHandler.java:59)
	at io.appium.uiautomator2.server.AppiumServlet.handleRequest(AppiumServlet.java:259)
	at io.appium.uiautomator2.server.AppiumServlet.handleHttpRequest(AppiumServlet.java:253)
	at io.appium.uiautomator2.http.ServerHandler.channelRead(ServerHandler.java:77)
	at io.netty.channel.AbstractChannelHandlerContext.invokeChannelRead(Abstra...
    [ Message content over the limit has been removed. ]
	at io.netty.channel.nio.NioEventLoop.processSelectedKeys(NioEventLoop.java:466)
	at io.netty.channel.nio.NioEventLoop.run(NioEventLoop.java:438)
	at io.netty.util.concurrent.SingleThreadEventExecutor$2.run(SingleThreadEventExecutor.java:140)
	at io.netty.util.concurrent.DefaultThreadFactory$DefaultRunnableDecorator.run(DefaultThreadFactory.java:144)
	at java.lang.Thread.run(Thread.java:919)
Caused by: io.appium.uiautomator2.common.exceptions.InvalidArgumentException: Invalid 'waitForIdleTimeout' setting value type. Got: java.lang.String. Expected: java.lang.Long.
	at io.appium.uiautomator2.model.settings.AbstractSetting.convertValue(AbstractSetting.java:82)
	at io.appium.uiautomator2.model.settings.AbstractSetting.update(AbstractSetting.java:36)
	at io.appium.uiautomator2.model.Session.&lt;init&gt;(Session.java:47)
	at io.appium.uiautomator2.model.AppiumUIA2Driver.initializeSession(AppiumUIA2Driver.java:42)
	at io.appium.uiautomator2.handler.NewSession.safeHandle(NewSession.java:53)
	... 34 more</status>
</kw>
<kw name="Log" owner="BuiltIn">
<arg>✅ Sessão Appium conectada, aguardando estabilização...</arg>
<doc>Logs the given message with the given level.</doc>
<status status="NOT RUN" start="2025-11-03T01:19:48.909574" elapsed="0.000043"/>
</kw>
<kw name="Sleep" owner="BuiltIn">
<arg>5s</arg>
<doc>Pauses the test executed for the given time.</doc>
<status status="NOT RUN" start="2025-11-03T01:19:48.909791" elapsed="0.000032"/>
</kw>
<try>
<branch type="TRY">
<kw name="Wait For App Stability" owner="stability">
<arg>com.wdiodemoapp</arg>
<arg>15s</arg>
<doc>Aguarda o aplicativo se estabilizar após o launch</doc>
<status status="NOT RUN" start="2025-11-03T01:19:48.910395" elapsed="0.000045"/>
</kw>
<kw name="Log" owner="BuiltIn">
<arg>✅ App estabilizado com sucesso</arg>
<doc>Logs the given message with the given level.</doc>
<status status="NOT RUN" start="2025-11-03T01:19:48.910619" elapsed="0.000032"/>
</kw>
<status status="NOT RUN" start="2025-11-03T01:19:48.909977" elapsed="0.000726"/>
</branch>
<branch type="EXCEPT" assign="${error}">
<kw name="Log" owner="BuiltIn">
<arg>⚠️ Aviso: App pode não estar completamente estável: ${error}</arg>
<doc>Logs the given message with the given level.</doc>
<status status="NOT RUN" start="2025-11-03T01:19:48.910914" elapsed="0.000031"/>
</kw>
<kw name="Log" owner="BuiltIn">
<arg>ℹ️ Continuando execução mesmo assim...</arg>
<doc>Logs the given message with the given level.</doc>
<status status="NOT RUN" start="2025-11-03T01:19:48.911098" elapsed="0.000030"/>
</kw>
<status status="NOT RUN" start="2025-11-03T01:19:48.910770" elapsed="0.000411"/>
</branch>
<status status="NOT RUN" start="2025-11-03T01:19:48.909907" elapsed="0.001346"/>
</try>
<kw name="Log" owner="BuiltIn">
<arg>✅ Sessão pronta para uso</arg>
<doc>Logs the given message with the given level.</doc>
<status status="NOT RUN" start="2025-11-03T01:19:48.911432" elapsed="0.000031"/>
</kw>
<status status="FAIL" start="2025-11-03T01:19:21.323356" elapsed="27.588348">SessionNotCreatedException: Message: A new session could not be created. Details: io.appium.uiautomator2.common.exceptions.InvalidArgumentException: Invalid 'waitForIdleTimeout' setting value type. Got: java.lang.String. Expected: java.lang.Long.; For documentation on this error, please visit: https://www.selenium.dev/documentation/webdriver/troubleshooting/errors#sessionnotcreatedexception
Stacktrace:
io.appium.uiautomator2.common.exceptions.SessionNotCreatedException: io.appium.uiautomator2.common.exceptions.InvalidArgumentException: Invalid 'waitForIdleTimeout' setting value type. Got: java.lang.String. Expected: java.lang.Long.
	at io.appium.uiautomator2.handler.NewSession.safeHandle(NewSession.java:60)
	at io.appium.uiautomator2.handler.request.SafeRequestHandler.handle(SafeRequestHandler.java:59)
	at io.appium.uiautomator2.server.AppiumServlet.handleRequest(AppiumServlet.java:259)
	at io.appium.uiautomator2.server.AppiumServlet.handleHttpRequest(AppiumServlet.java:253)
	at io.appium.uiautomator2.http.ServerHandler.channelRead(ServerHandler.java:77)
	at io.netty.channel.AbstractChannelHandlerContext.invokeChannelRead(Abstra...
    [ Message content over the limit has been removed. ]
	at io.netty.channel.nio.NioEventLoop.processSelectedKeys(NioEventLoop.java:466)
	at io.netty.channel.nio.NioEventLoop.run(NioEventLoop.java:438)
	at io.netty.util.concurrent.SingleThreadEventExecutor$2.run(SingleThreadEventExecutor.java:140)
	at io.netty.util.concurrent.DefaultThreadFactory$DefaultRunnableDecorator.run(DefaultThreadFactory.java:144)
	at java.lang.Thread.run(Thread.java:919)
Caused by: io.appium.uiautomator2.common.exceptions.InvalidArgumentException: Invalid 'waitForIdleTimeout' setting value type. Got: java.lang.String. Expected: java.lang.Long.
	at io.appium.uiautomator2.model.settings.AbstractSetting.convertValue(AbstractSetting.java:82)
	at io.appium.uiautomator2.model.settings.AbstractSetting.update(AbstractSetting.java:36)
	at io.appium.uiautomator2.model.Session.&lt;init&gt;(Session.java:47)
	at io.appium.uiautomator2.model.AppiumUIA2Driver.initializeSession(AppiumUIA2Driver.java:42)
	at io.appium.uiautomator2.handler.NewSession.safeHandle(NewSession.java:53)
	... 34 more</status>
</kw>
<kw name="Finish session" owner="base" type="TEARDOWN">
<kw name="Log" owner="BuiltIn">
<msg time="2025-11-03T01:19:48.912825" level="INFO">🔚 Finalizando sessão...</msg>
<arg>🔚 Finalizando sessão...</arg>
<doc>Logs the given message with the given level.</doc>
<status status="PASS" start="2025-11-03T01:19:48.912644" elapsed="0.000269"/>
</kw>
<kw name="Close Application" owner="AppiumLibrary">
<kw name="Capture Page Screenshot" owner="AppiumLibrary">
<msg time="2025-11-03T01:19:48.913837" level="FAIL">No application is open</msg>
<doc>Takes a screenshot of the current page and embeds it into the log.</doc>
<status status="FAIL" start="2025-11-03T01:19:48.913386" elapsed="0.000701">No application is open</status>
</kw>
<msg time="2025-11-03T01:19:48.916246" level="WARN">Keyword 'Capture Page Screenshot' could not be run on failure: No application is open</msg>
<msg time="2025-11-03T01:19:48.916467" level="FAIL">No application is open</msg>
<doc>Closes the current application and the webdriver session.</doc>
<status status="FAIL" start="2025-11-03T01:19:48.913082" elapsed="0.003553">No application is open</status>
</kw>
<status status="FAIL" start="2025-11-03T01:19:48.912144" elapsed="0.004662">No application is open</status>
</kw>
<doc>Verifica se o usuário consegue realizar o cadastro com sucesso na aplicação</doc>
<status status="FAIL" start="2025-11-03T01:19:21.322259" elapsed="27.594645">Setup failed:
SessionNotCreatedException: Message: A new session could not be created. Details: io.appium.uiautomator2.common.exceptions.InvalidArgumentException: Invalid 'waitForIdleTimeout' setting value type. Got: java.lang.String. Expected: java.lang.Long.; For documentation on this error, please visit: https://www.selenium.dev/documentation/webdriver/troubleshooting/errors#sessionnotcreatedexception
Stacktrace:
io.appium.uiautomator2.common.exceptions.SessionNotCreatedException: io.appium.uiautomator2.common.exceptions.InvalidArgumentException: Invalid 'waitForIdleTimeout' setting value type. Got: java.lang.String. Expected: java.lang.Long.
	at io.appium.uiautomator2.handler.NewSession.safeHandle(NewSession.java:60)
	at io.appium.uiautomator2.handler.request.SafeRequestHandler.handle(SafeRequestHandler.java:59)
	at io.appium.uiautomator2.server.AppiumServlet.handleRequest(AppiumServlet.java:259)
	at io.appium.uiautomator2.server.AppiumServlet.handleHttpRequest(AppiumServlet.java:253)
	at io.appium.uiautomator2.http.ServerHandler.channelRead(ServerHandler.java:77)
	at io.netty.channel.AbstractChannelHandlerContext.invokeChannelRead(Abstra...
    [ Message content over the limit has been removed. ]
	at io.netty.channel.nio.NioEventLoop.processSelectedKeys(NioEventLoop.java:466)
	at io.netty.channel.nio.NioEventLoop.run(NioEventLoop.java:438)
	at io.netty.util.concurrent.SingleThreadEventExecutor$2.run(SingleThreadEventExecutor.java:140)
	at io.netty.util.concurrent.DefaultThreadFactory$DefaultRunnableDecorator.run(DefaultThreadFactory.java:144)
	at java.lang.Thread.run(Thread.java:919)
Caused by: io.appium.uiautomator2.common.exceptions.InvalidArgumentException: Invalid 'waitForIdleTimeout' setting value type. Got: java.lang.String. Expected: java.lang.Long.
	at io.appium.uiautomator2.model.settings.AbstractSetting.convertValue(AbstractSetting.java:82)
	at io.appium.uiautomator2.model.settings.AbstractSetting.update(AbstractSetting.java:36)
	at io.appium.uiautomator2.model.Session.&lt;init&gt;(Session.java:47)
	at io.appium.uiautomator2.model.AppiumUIA2Driver.initializeSession(AppiumUIA2Driver.java:42)
	at io.appium.uiautomator2.handler.NewSession.safeHandle(NewSession.java:53)
	... 34 more

Also teardown failed:
No application is open</status>
</test>
<test id="s1-s1-t2" name="Deve realizar o login com sucesso" line="19">
<kw name="Start session" owner="base" type="SETUP">
<kw name="Log" owner="BuiltIn">
<msg time="2025-11-03T01:19:48.918826" level="INFO">🚀 Iniciando sessão Appium...</msg>
<arg>🚀 Iniciando sessão Appium...</arg>
<doc>Logs the given message with the given level.</doc>
<status status="PASS" start="2025-11-03T01:19:48.918672" elapsed="0.000229"/>
</kw>
<kw name="Open Application" owner="AppiumLibrary">
<kw name="Capture Page Screenshot" owner="AppiumLibrary">
<msg time="2025-11-03T01:20:10.163004" level="FAIL">No application is open</msg>
<doc>Takes a screenshot of the current page and embeds it into the log.</doc>
<status status="FAIL" start="2025-11-03T01:20:10.162697" elapsed="0.000593">No application is open</status>
</kw>
<msg time="2025-11-03T01:20:10.164521" level="WARN">Keyword 'Capture Page Screenshot' could not be run on failure: No application is open</msg>
<msg time="2025-11-03T01:20:10.164778" level="FAIL">SessionNotCreatedException: Message: A new session could not be created. Details: io.appium.uiautomator2.common.exceptions.InvalidArgumentException: Invalid 'waitForIdleTimeout' setting value type. Got: java.lang.String. Expected: java.lang.Long.; For documentation on this error, please visit: https://www.selenium.dev/documentation/webdriver/troubleshooting/errors#sessionnotcreatedexception
Stacktrace:
io.appium.uiautomator2.common.exceptions.SessionNotCreatedException: io.appium.uiautomator2.common.exceptions.InvalidArgumentException: Invalid 'waitForIdleTimeout' setting value type. Got: java.lang.String. Expected: java.lang.Long.
	at io.appium.uiautomator2.handler.NewSession.safeHandle(NewSession.java:60)
	at io.appium.uiautomator2.handler.request.SafeRequestHandler.handle(SafeRequestHandler.java:59)
	at io.appium.uiautomator2.server.AppiumServlet.handleRequest(AppiumServlet.java:259)
	at io.appium.uiautomator2.server.AppiumServlet.handleHttpRequest(AppiumServlet.java:253)
	at io.appium.uiautomator2.http.ServerHandler.channelRead(ServerHandler.java:77)
	at io.netty.channel.AbstractChannelHandlerContext.invokeChannelRead(AbstractChannelHandlerContext.java:366)
	at io.netty.channel.AbstractChannelHandlerContext.invokeChannelRead(AbstractChannelHandlerContext.java:352)
	at io.netty.channel.AbstractChannelHandlerContext.fireChannelRead(AbstractChannelHandlerContext.java:345)
	at io.netty.handler.codec.MessageToMessageDecoder.channelRead(MessageToMessageDecoder.java:102)
	at io.netty.channel.AbstractChannelHandlerContext.invokeChannelRead(AbstractChannelHandlerContext.java:366)
	at io.netty.channel.AbstractChannelHandlerContext.invokeChannelRead(AbstractChannelHandlerContext.java:352)
	at io.netty.channel.AbstractChannelHandlerContext.fireChannelRead(AbstractChannelHandlerContext.java:345)
	at io.netty.channel.CombinedChannelDuplexHandler$DelegatingChannelHandlerContext.fireChannelRead(CombinedChannelDuplexHandler.java:435)
	at io.netty.handler.codec.ByteToMessageDecoder.fireChannelRead(ByteToMessageDecoder.java:293)
	at io.netty.handler.codec.ByteToMessageDecoder.channelRead(ByteToMessageDecoder.java:267)
	at io.netty.channel.CombinedChannelDuplexHandler.channelRead(CombinedChannelDuplexHandler.java:250)
	at io.netty.channel.AbstractChannelHandlerContext.invokeChannelRead(AbstractChannelHandlerContext.java:366)
	at io.netty.channel.AbstractChannelHandlerContext.invokeChannelRead(AbstractChannelHandlerContext.java:352)
	at io.netty.channel.AbstractChannelHandlerContext.fireChannelRead(AbstractChannelHandlerContext.java:345)
	at io.netty.handler.timeout.IdleStateHandler.channelRead(IdleStateHandler.java:266)
	at io.netty.channel.AbstractChannelHandlerContext.invokeChannelRead(AbstractChannelHandlerContext.java:366)
	at io.netty.channel.AbstractChannelHandlerContext.invokeChannelRead(AbstractChannelHandlerContext.java:352)
	at io.netty.channel.AbstractChannelHandlerContext.fireChannelRead(AbstractChannelHandlerContext.java:345)
	at io.netty.channel.DefaultChannelPipeline$HeadContext.channelRead(DefaultChannelPipeline.java:1294)
	at io.netty.channel.AbstractChannelHandlerContext.invokeChannelRead(AbstractChannelHandlerContext.java:366)
	at io.netty.channel.AbstractChannelHandlerContext.invokeChannelRead(AbstractChannelHandlerContext.java:352)
	at io.netty.channel.DefaultChannelPipeline.fireChannelRead(DefaultChannelPipeline.java:911)
	at io.netty.channel.nio.AbstractNioByteChannel$NioByteUnsafe.read(AbstractNioByteChannel.java:131)
	at io.netty.channel.nio.NioEventLoop.processSelectedKey(NioEventLoop.java:611)
	at io.netty.channel.nio.NioEventLoop.processSelectedKeysOptimized(NioEventLoop.java:552)
	at io.netty.channel.nio.NioEventLoop.processSelectedKeys(NioEventLoop.java:466)
	at io.netty.channel.nio.NioEventLoop.run(NioEventLoop.java:438)
	at io.netty.util.concurrent.SingleThreadEventExecutor$2.run(SingleThreadEventExecutor.java:140)
	at io.netty.util.concurrent.DefaultThreadFactory$DefaultRunnableDecorator.run(DefaultThreadFactory.java:144)
	at java.lang.Thread.run(Thread.java:919)
Caused by: io.appium.uiautomator2.common.exceptions.InvalidArgumentException: Invalid 'waitForIdleTimeout' setting value type. Got: java.lang.String. Expected: java.lang.Long.
	at io.appium.uiautomator2.model.settings.AbstractSetting.convertValue(AbstractSetting.java:82)
	at io.appium.uiautomator2.model.settings.AbstractSetting.update(AbstractSetting.java:36)
	at io.appium.uiautomator2.model.Session.&lt;init&gt;(Session.java:47)
	at io.appium.uiautomator2.model.AppiumUIA2Driver.initializeSession(AppiumUIA2Driver.java:42)
	at io.appium.uiautomator2.handler.NewSession.safeHandle(NewSession.java:53)
	... 34 more
</msg>
<arg>http://localhost:4723</arg>
<arg>platformName=Android</arg>
<arg>automationName=UIAutomator2</arg>
<arg>deviceName=Android Emulator</arg>
<arg>app=${EXECDIR}/app/wdio.native.app.apk</arg>
<arg>udid=emulator-5554</arg>
<arg>autoGrantPermissions=true</arg>
<arg>appium:disableHiddenApiPolicy=false</arg>
<arg>appium:ignoreHiddenApiPolicyError=true</arg>
<arg>appium:skipDeviceInitialization=true</arg>
<arg>appPackage=com.wdiodemoapp</arg>
<arg>appActivity=.MainActivity</arg>
<arg>newCommandTimeout=600</arg>
<arg>adbExecTimeout=200000</arg>
<arg>uiautomator2ServerInstallTimeout=180000</arg>
<arg>uiautomator2ServerLaunchTimeout=180000</arg>
<arg>noReset=true</arg>
<arg>appium:skipServerInstallation=false</arg>
<arg>appium:uiautomator2ServerReadTimeout=240000</arg>
<arg>appium:waitForIdleTimeout=10000</arg>
<arg>appium:waitForQuiescence=true</arg>
<arg>appium:waitActivity=.MainActivity</arg>
<arg>appium:waitDuration=30000</arg>
<arg>appium:androidInstallTimeout=180000</arg>
<arg>appium:systemPort=8200</arg>
<arg>appium:clearSystemFiles=true</arg>
<arg>appium:ensureWebviewsHavePages=false</arg>
<arg>appium:nativeWebScreenshot=true</arg>
<arg>appium:reconnectRetries=3</arg>
<arg>appium:maxTypingFrequency=60</arg>
<doc>Opens a new application to the given Appium server.
Capabilities of appium server, Android and iOS,
Please check https://appium.io/docs/en/2.19/guides/caps/
| *Option*            | *Man.* | *Description*     |
| remote_url          | Yes    | Appium server url |
| alias               | No     | alias             |</doc>
<status status="FAIL" start="2025-11-03T01:19:48.919073" elapsed="21.245959">SessionNotCreatedException: Message: A new session could not be created. Details: io.appium.uiautomator2.common.exceptions.InvalidArgumentException: Invalid 'waitForIdleTimeout' setting value type. Got: java.lang.String. Expected: java.lang.Long.; For documentation on this error, please visit: https://www.selenium.dev/documentation/webdriver/troubleshooting/errors#sessionnotcreatedexception
Stacktrace:
io.appium.uiautomator2.common.exceptions.SessionNotCreatedException: io.appium.uiautomator2.common.exceptions.InvalidArgumentException: Invalid 'waitForIdleTimeout' setting value type. Got: java.lang.String. Expected: java.lang.Long.
	at io.appium.uiautomator2.handler.NewSession.safeHandle(NewSession.java:60)
	at io.appium.uiautomator2.handler.request.SafeRequestHandler.handle(SafeRequestHandler.java:59)
	at io.appium.uiautomator2.server.AppiumServlet.handleRequest(AppiumServlet.java:259)
	at io.appium.uiautomator2.server.AppiumServlet.handleHttpRequest(AppiumServlet.java:253)
	at io.appium.uiautomator2.http.ServerHandler.channelRead(ServerHandler.java:77)
	at io.netty.channel.AbstractChannelHandlerContext.invokeChannelRead(Abstra...
    [ Message content over the limit has been removed. ]
	at io.netty.channel.nio.NioEventLoop.processSelectedKeys(NioEventLoop.java:466)
	at io.netty.channel.nio.NioEventLoop.run(NioEventLoop.java:438)
	at io.netty.util.concurrent.SingleThreadEventExecutor$2.run(SingleThreadEventExecutor.java:140)
	at io.netty.util.concurrent.DefaultThreadFactory$DefaultRunnableDecorator.run(DefaultThreadFactory.java:144)
	at java.lang.Thread.run(Thread.java:919)
Caused by: io.appium.uiautomator2.common.exceptions.InvalidArgumentException: Invalid 'waitForIdleTimeout' setting value type. Got: java.lang.String. Expected: java.lang.Long.
	at io.appium.uiautomator2.model.settings.AbstractSetting.convertValue(AbstractSetting.java:82)
	at io.appium.uiautomator2.model.settings.AbstractSetting.update(AbstractSetting.java:36)
	at io.appium.uiautomator2.model.Session.&lt;init&gt;(Session.java:47)
	at io.appium.uiautomator2.model.AppiumUIA2Driver.initializeSession(AppiumUIA2Driver.java:42)
	at io.appium.uiautomator2.handler.NewSession.safeHandle(NewSession.java:53)
	... 34 more</status>
</kw>
<kw name="Log" owner="BuiltIn">
<arg>✅ Sessão Appium conectada, aguardando estabilização...</arg>
<doc>Logs the given message with the given level.</doc>
<status status="NOT RUN" start="2025-11-03T01:20:10.165361" elapsed="0.000029"/>
</kw>
<kw name="Sleep" owner="BuiltIn">
<arg>5s</arg>
<doc>Pauses the test executed for the given time.</doc>
<status status="NOT RUN" start="2025-11-03T01:20:10.165501" elapsed="0.000020"/>
</kw>
<try>
<branch type="TRY">
<kw name="Wait For App Stability" owner="stability">
<arg>com.wdiodemoapp</arg>
<arg>15s</arg>
<doc>Aguarda o aplicativo se estabilizar após o launch</doc>
<status status="NOT RUN" start="2025-11-03T01:20:10.165870" elapsed="0.000031"/>
</kw>
<kw name="Log" owner="BuiltIn">
<arg>✅ App estabilizado com sucesso</arg>
<doc>Logs the given message with the given level.</doc>
<status status="NOT RUN" start="2025-11-03T01:20:10.166011" elapsed="0.000020"/>
</kw>
<status status="NOT RUN" start="2025-11-03T01:20:10.165618" elapsed="0.000444"/>
</branch>
<branch type="EXCEPT" assign="${error}">
<kw name="Log" owner="BuiltIn">
<arg>⚠️ Aviso: App pode não estar completamente estável: ${error}</arg>
<doc>Logs the given message with the given level.</doc>
<status status="NOT RUN" start="2025-11-03T01:20:10.166189" elapsed="0.000019"/>
</kw>
<kw name="Log" owner="BuiltIn">
<arg>ℹ️ Continuando execução mesmo assim...</arg>
<doc>Logs the given message with the given level.</doc>
<status status="NOT RUN" start="2025-11-03T01:20:10.166337" elapsed="0.000020"/>
</kw>
<status status="NOT RUN" start="2025-11-03T01:20:10.166103" elapsed="0.000285"/>
</branch>
<status status="NOT RUN" start="2025-11-03T01:20:10.165572" elapsed="0.000844"/>
</try>
<kw name="Log" owner="BuiltIn">
<arg>✅ Sessão pronta para uso</arg>
<doc>Logs the given message with the given level.</doc>
<status status="NOT RUN" start="2025-11-03T01:20:10.166502" elapsed="0.000019"/>
</kw>
<status status="FAIL" start="2025-11-03T01:19:48.918260" elapsed="21.248399">SessionNotCreatedException: Message: A new session could not be created. Details: io.appium.uiautomator2.common.exceptions.InvalidArgumentException: Invalid 'waitForIdleTimeout' setting value type. Got: java.lang.String. Expected: java.lang.Long.; For documentation on this error, please visit: https://www.selenium.dev/documentation/webdriver/troubleshooting/errors#sessionnotcreatedexception
Stacktrace:
io.appium.uiautomator2.common.exceptions.SessionNotCreatedException: io.appium.uiautomator2.common.exceptions.InvalidArgumentException: Invalid 'waitForIdleTimeout' setting value type. Got: java.lang.String. Expected: java.lang.Long.
	at io.appium.uiautomator2.handler.NewSession.safeHandle(NewSession.java:60)
	at io.appium.uiautomator2.handler.request.SafeRequestHandler.handle(SafeRequestHandler.java:59)
	at io.appium.uiautomator2.server.AppiumServlet.handleRequest(AppiumServlet.java:259)
	at io.appium.uiautomator2.server.AppiumServlet.handleHttpRequest(AppiumServlet.java:253)
	at io.appium.uiautomator2.http.ServerHandler.channelRead(ServerHandler.java:77)
	at io.netty.channel.AbstractChannelHandlerContext.invokeChannelRead(Abstra...
    [ Message content over the limit has been removed. ]
	at io.netty.channel.nio.NioEventLoop.processSelectedKeys(NioEventLoop.java:466)
	at io.netty.channel.nio.NioEventLoop.run(NioEventLoop.java:438)
	at io.netty.util.concurrent.SingleThreadEventExecutor$2.run(SingleThreadEventExecutor.java:140)
	at io.netty.util.concurrent.DefaultThreadFactory$DefaultRunnableDecorator.run(DefaultThreadFactory.java:144)
	at java.lang.Thread.run(Thread.java:919)
Caused by: io.appium.uiautomator2.common.exceptions.InvalidArgumentException: Invalid 'waitForIdleTimeout' setting value type. Got: java.lang.String. Expected: java.lang.Long.
	at io.appium.uiautomator2.model.settings.AbstractSetting.convertValue(AbstractSetting.java:82)
	at io.appium.uiautomator2.model.settings.AbstractSetting.update(AbstractSetting.java:36)
	at io.appium.uiautomator2.model.Session.&lt;init&gt;(Session.java:47)
	at io.appium.uiautomator2.model.AppiumUIA2Driver.initializeSession(AppiumUIA2Driver.java:42)
	at io.appium.uiautomator2.handler.NewSession.safeHandle(NewSession.java:53)
	... 34 more</status>
</kw>
<kw name="Finish session" owner="base" type="TEARDOWN">
<kw name="Log" owner="BuiltIn">
<msg time="2025-11-03T01:20:10.167403" level="INFO">🔚 Finalizando sessão...</msg>
<arg>🔚 Finalizando sessão...</arg>
<doc>Logs the given message with the given level.</doc>
<status status="PASS" start="2025-11-03T01:20:10.167279" elapsed="0.000178"/>
</kw>
<kw name="Close Application" owner="AppiumLibrary">
<kw name="Capture Page Screenshot" owner="AppiumLibrary">
<msg time="2025-11-03T01:20:10.168092" level="FAIL">No application is open</msg>
<doc>Takes a screenshot of the current page and embeds it into the log.</doc>
<status status="FAIL" start="2025-11-03T01:20:10.167782" elapsed="0.000495">No application is open</status>
</kw>
<msg time="2025-11-03T01:20:10.169446" level="WARN">Keyword 'Capture Page Screenshot' could not be run on failure: No application is open</msg>
<msg time="2025-11-03T01:20:10.169614" level="FAIL">No application is open</msg>
<doc>Closes the current application and the webdriver session.</doc>
<status status="FAIL" start="2025-11-03T01:20:10.167592" elapsed="0.002177">No application is open</status>
</kw>
<status status="FAIL" start="2025-11-03T01:20:10.166936" elapsed="0.002969">No application is open</status>
</kw>
<doc>Verifica se o usuário consegue realizar o login com sucesso na aplicação</doc>
<status status="FAIL" start="2025-11-03T01:19:48.917338" elapsed="21.252621">Setup failed:
SessionNotCreatedException: Message: A new session could not be created. Details: io.appium.uiautomator2.common.exceptions.InvalidArgumentException: Invalid 'waitForIdleTimeout' setting value type. Got: java.lang.String. Expected: java.lang.Long.; For documentation on this error, please visit: https://www.selenium.dev/documentation/webdriver/troubleshooting/errors#sessionnotcreatedexception
Stacktrace:
io.appium.uiautomator2.common.exceptions.SessionNotCreatedException: io.appium.uiautomator2.common.exceptions.InvalidArgumentException: Invalid 'waitForIdleTimeout' setting value type. Got: java.lang.String. Expected: java.lang.Long.
	at io.appium.uiautomator2.handler.NewSession.safeHandle(NewSession.java:60)
	at io.appium.uiautomator2.handler.request.SafeRequestHandler.handle(SafeRequestHandler.java:59)
	at io.appium.uiautomator2.server.AppiumServlet.handleRequest(AppiumServlet.java:259)
	at io.appium.uiautomator2.server.AppiumServlet.handleHttpRequest(AppiumServlet.java:253)
	at io.appium.uiautomator2.http.ServerHandler.channelRead(ServerHandler.java:77)
	at io.netty.channel.AbstractChannelHandlerContext.invokeChannelRead(Abstra...
    [ Message content over the limit has been removed. ]
	at io.netty.channel.nio.NioEventLoop.processSelectedKeys(NioEventLoop.java:466)
	at io.netty.channel.nio.NioEventLoop.run(NioEventLoop.java:438)
	at io.netty.util.concurrent.SingleThreadEventExecutor$2.run(SingleThreadEventExecutor.java:140)
	at io.netty.util.concurrent.DefaultThreadFactory$DefaultRunnableDecorator.run(DefaultThreadFactory.java:144)
	at java.lang.Thread.run(Thread.java:919)
Caused by: io.appium.uiautomator2.common.exceptions.InvalidArgumentException: Invalid 'waitForIdleTimeout' setting value type. Got: java.lang.String. Expected: java.lang.Long.
	at io.appium.uiautomator2.model.settings.AbstractSetting.convertValue(AbstractSetting.java:82)
	at io.appium.uiautomator2.model.settings.AbstractSetting.update(AbstractSetting.java:36)
	at io.appium.uiautomator2.model.Session.&lt;init&gt;(Session.java:47)
	at io.appium.uiautomator2.model.AppiumUIA2Driver.initializeSession(AppiumUIA2Driver.java:42)
	at io.appium.uiautomator2.handler.NewSession.safeHandle(NewSession.java:53)
	... 34 more

Also teardown failed:
No application is open</status>
</test>
<status status="FAIL" start="2025-11-03T01:19:21.072872" elapsed="49.097684"/>
</suite>
<status status="FAIL" start="2025-11-03T01:19:21.043001" elapsed="49.128254"/>
</suite>
<statistics>
<total>
<stat pass="0" fail="2" skip="0">All Tests</stat>
</total>
<tag>
</tag>
<suite>
<stat name="Tests" id="s1" pass="0" fail="2" skip="0">Tests</stat>
<stat name="Login" id="s1-s1" pass="0" fail="2" skip="0">Tests.Login</stat>
</suite>
</statistics>
<errors>
<msg time="2025-11-03T01:19:48.908452" level="WARN">Keyword 'Capture Page Screenshot' could not be run on failure: No application is open</msg>
<msg time="2025-11-03T01:19:48.916246" level="WARN">Keyword 'Capture Page Screenshot' could not be run on failure: No application is open</msg>
<msg time="2025-11-03T01:20:10.164521" level="WARN">Keyword 'Capture Page Screenshot' could not be run on failure: No application is open</msg>
<msg time="2025-11-03T01:20:10.169446" level="WARN">Keyword 'Capture Page Screenshot' could not be run on failure: No application is open</msg>
</errors>
</robot>
